<?xml version="1.0" encoding="UTF-8"?>
<testng-results ignored="0" total="1" passed="1" failed="0" skipped="0">
  <reporter-output>
  </reporter-output>
  <suite started-at="2023-12-31T13:10:27 IST" name="Default suite" finished-at="2023-12-31T13:10:32 IST" duration-ms="4697">
    <groups>
    </groups>
    <test started-at="2023-12-31T13:10:27 IST" name="Default test" finished-at="2023-12-31T13:10:32 IST" duration-ms="4697">
      <class name="restAssuredPackage.Delete">
        <test-method signature="deleteRecord()[pri:0, instance:restAssuredPackage.Delete@659499f1]" started-at="2023-12-31T13:10:27 IST" name="deleteRecord" finished-at="2023-12-31T13:10:32 IST" duration-ms="4466" status="PASS">
          <reporter-output>
          </reporter-output>
        </test-method> <!-- deleteRecord -->
      </class> <!-- restAssuredPackage.Delete -->
    </test> <!-- Default test -->
  </suite> <!-- Default suite -->
</testng-results>
